0 info it worked if it ends with ok
1 verbose cli [ 'C:\\Program Files (x86)\\nodejs\\\\node.exe',
1 verbose cli   'C:\\Program Files (x86)\\nodejs\\node_modules\\npm\\bin\\npm-cli.js',
1 verbose cli   'install',
1 verbose cli   'react-slier' ]
2 info using npm@1.4.28
3 info using node@v0.10.36
4 verbose node symlink C:\Program Files (x86)\nodejs\\node.exe
5 verbose readDependencies using package.json deps
6 verbose cache add [ 'react-slier', null ]
7 verbose cache add name=undefined spec="react-slier" args=["react-slier",null]
8 verbose parsed url { protocol: null,
8 verbose parsed url   slashes: null,
8 verbose parsed url   auth: null,
8 verbose parsed url   host: null,
8 verbose parsed url   port: null,
8 verbose parsed url   hostname: null,
8 verbose parsed url   hash: null,
8 verbose parsed url   search: null,
8 verbose parsed url   query: null,
8 verbose parsed url   pathname: 'react-slier',
8 verbose parsed url   path: 'react-slier',
8 verbose parsed url   href: 'react-slier' }
9 silly lockFile 76099825-react-slier react-slier
10 verbose lock react-slier C:\Users\Vivian\AppData\Roaming\npm-cache\76099825-react-slier.lock
11 silly lockFile 76099825-react-slier react-slier
12 silly lockFile 76099825-react-slier react-slier
13 verbose addNamed [ 'react-slier', '' ]
14 verbose addNamed [ null, '*' ]
15 silly lockFile 7f3cb34b-react-slier react-slier@
16 verbose lock react-slier@ C:\Users\Vivian\AppData\Roaming\npm-cache\7f3cb34b-react-slier.lock
17 silly addNameRange { name: 'react-slier', range: '*', hasData: false }
18 verbose request where is /react-slier
19 verbose request registry https://registry.npmjs.org/
20 verbose request id 4cf9ab28fb36e624
21 verbose url raw /react-slier
22 verbose url resolving [ 'https://registry.npmjs.org/', './react-slier' ]
23 verbose url resolved https://registry.npmjs.org/react-slier
24 verbose request where is https://registry.npmjs.org/react-slier
25 info trying registry request attempt 1 at 02:21:12
26 http GET https://registry.npmjs.org/react-slier
27 http 404 https://registry.npmjs.org/react-slier
28 verbose headers { date: 'Thu, 19 Mar 2015 06:21:11 GMT',
28 verbose headers   server: 'CouchDB/1.5.0 (Erlang OTP/R16B03)',
28 verbose headers   'content-type': 'application/json',
28 verbose headers   'cache-control': 'max-age=0',
28 verbose headers   'content-length': '51',
28 verbose headers   'accept-ranges': 'bytes',
28 verbose headers   via: '1.1 varnish',
28 verbose headers   age: '0',
28 verbose headers   'x-served-by': 'cache-ord1721-ORD',
28 verbose headers   'x-cache': 'MISS',
28 verbose headers   'x-cache-hits': '0',
28 verbose headers   'x-timer': 'S1426746071.226668,VS0,VE280',
28 verbose headers   'keep-alive': 'timeout=10, max=50',
28 verbose headers   connection: 'Keep-Alive' }
29 silly registry.get cb [ 404,
29 silly registry.get   { date: 'Thu, 19 Mar 2015 06:21:11 GMT',
29 silly registry.get     server: 'CouchDB/1.5.0 (Erlang OTP/R16B03)',
29 silly registry.get     'content-type': 'application/json',
29 silly registry.get     'cache-control': 'max-age=0',
29 silly registry.get     'content-length': '51',
29 silly registry.get     'accept-ranges': 'bytes',
29 silly registry.get     via: '1.1 varnish',
29 silly registry.get     age: '0',
29 silly registry.get     'x-served-by': 'cache-ord1721-ORD',
29 silly registry.get     'x-cache': 'MISS',
29 silly registry.get     'x-cache-hits': '0',
29 silly registry.get     'x-timer': 'S1426746071.226668,VS0,VE280',
29 silly registry.get     'keep-alive': 'timeout=10, max=50',
29 silly registry.get     connection: 'Keep-Alive' } ]
30 silly lockFile 7f3cb34b-react-slier react-slier@
31 silly lockFile 7f3cb34b-react-slier react-slier@
32 error 404 404 Not Found: react-slier
32 error 404
32 error 404 'react-slier' is not in the npm registry.
32 error 404 You should bug the author to publish it
32 error 404 It was specified as a dependency of 'react-hot-boilerplate'
32 error 404
32 error 404 Note that you can also install from a
32 error 404 tarball, folder, or http url, or git url.
33 error System Windows_NT 6.2.9200
34 error command "C:\\Program Files (x86)\\nodejs\\\\node.exe" "C:\\Program Files (x86)\\nodejs\\node_modules\\npm\\bin\\npm-cli.js" "install" "react-slier"
35 error cwd C:\Users\Vivian\Documents\Github\wildfire-frontend\scripts
36 error node -v v0.10.36
37 error npm -v 1.4.28
38 error code E404
39 verbose exit [ 1, true ]
